<?xml version="1.0" encoding="UTF-8"?>
<!-- Generated by org.testng.reporters.JUnitXMLReporter -->
<testsuite hostname="LTIN424250" name="PetTests" tests="4" failures="4" timestamp="30 Jul 2024 05:51:28 GMT" time="0.935" errors="0">
  <testcase name="testPostUser" time="0.003" classname="api.test.UserTests2">
    <failure type="java.lang.AbstractMethodError">
      <![CDATA[java.lang.AbstractMethodError
... Removed 21 stack frames]]>
    </failure>
  </testcase> <!-- testPostUser -->
  <testcase name="testGetUser" time="0.0" classname="api.test.UserTests2">
    <failure type="java.lang.AbstractMethodError">
      <![CDATA[java.lang.AbstractMethodError
... Removed 21 stack frames]]>
    </failure>
  </testcase> <!-- testGetUser -->
  <testcase name="testUpdateUser" time="0.016" classname="api.test.UserTests2">
    <failure type="java.lang.AbstractMethodError">
      <![CDATA[java.lang.AbstractMethodError
... Removed 21 stack frames]]>
    </failure>
  </testcase> <!-- testUpdateUser -->
  <testcase name="testDeleteUser" time="0.0" classname="api.test.UserTests2">
    <failure type="java.lang.AbstractMethodError">
      <![CDATA[java.lang.AbstractMethodError
... Removed 21 stack frames]]>
    </failure>
  </testcase> <!-- testDeleteUser -->
</testsuite> <!-- PetTests -->
